<?xml version="1.0" encoding="UTF-8"?>
<!-- Generated by org.testng.reporters.JUnitXMLReporter -->
<testsuite hostname="win7-PC" ignored="0" name="Test" tests="5" failures="0" timestamp="2020-05-18T01:19:37 EDT" time="24.727" errors="0">
  <testcase name="DataDrivenLogin" time="3.456" classname="com.practice.testcases.TC_Login_DataDriven_003"/>
  <testcase name="DataDrivenLogin" time="2.571" classname="com.practice.testcases.TC_Login_DataDriven_003"/>
  <testcase name="DataDrivenLogin" time="4.424" classname="com.practice.testcases.TC_Login_DataDriven_003"/>
  <testcase name="DataDrivenLogin" time="3.463" classname="com.practice.testcases.TC_Login_DataDriven_003"/>
  <testcase name="DataDrivenLogin" time="2.54" classname="com.practice.testcases.TC_Login_DataDriven_003"/>
</testsuite> <!-- Test -->
