<?xml version="1.0" encoding="UTF-8"?>
<testsuite xmlns:xsi="http://www.w3.org/2001/XMLSchema-instance" xsi:noNamespaceSchemaLocation="https://maven.apache.org/surefire/maven-surefire-plugin/xsd/surefire-test-report.xsd" name="TestSuite" time="25.869" tests="5" errors="0" skipped="0" failures="0">
  <properties>
[...]
</properties>
  <testcase name="DataDrivenLogin" classname="com.practice.testcases.TC_Login_DataDriven_003" time="3.436"/>
  <testcase name="DataDrivenLogin" classname="com.practice.testcases.TC_Login_DataDriven_003" time="2.568"/>
  <testcase name="DataDrivenLogin" classname="com.practice.testcases.TC_Login_DataDriven_003" time="4.424"/>
  <testcase name="DataDrivenLogin" classname="com.practice.testcases.TC_Login_DataDriven_003" time="3.475"/>
  <testcase name="DataDrivenLogin" classname="com.practice.testcases.TC_Login_DataDriven_003" time="2.534"/>
</testsuite>